<?xml version="1.0" encoding="UTF-8"?>
<!-- Generated by org.testng.reporters.JUnitReportReporter -->
<testsuite hostname="Iamsherlock" failures="0" tests="1" name="com.bms.BookMyShow.BMSTest" time="13.653" errors="0" timestamp="2025-03-09T00:22:44 IST" skipped="0">
  <testcase classname="com.bms.BookMyShow.BMSTest" name="testBookTickets" time="13.653"/>
</testsuite> <!-- com.bms.BookMyShow.BMSTest -->
